Error: write EPIPE

Messages from the log:
    at d:\POCs\microfrontend-monorepo\node_modules\nx\src\daemon\server\server.js:368:20
    at new Promise (<anonymous>)
    at startServer (d:\POCs\microfrontend-monorepo\node_modules\nx\src\daemon\server\server.js:366:12)
    at async d:\POCs\microfrontend-monorepo\node_modules\nx\src\daemon\server\start.js:8:9
Emitted 'error' event on Server instance at:
    at emitErrorNT (node:net:1976:8)
    at process.processTicksAndRejections (node:internal/process/task_queues:90:21) {
  code: 'EADDRINUSE',
  errno: -4091,
  syscall: 'listen',
  address: '\\\\.\\pipe\\nx\\C:\\Users\\DANIEL~1\\AppData\\Local\\Temp\\eea3dace28eb2e7aef76\\d.sock',
  port: -1
}

Node.js v22.17.0
[NX v20.8.2 Daemon Server] - 2025-07-27T16:54:59.776Z - Established a connection. Number of open connections: 1
[NX v20.8.2 Daemon Server] - 2025-07-27T16:54:59.777Z - Closed a connection. Number of open connections: 0
[NX v20.8.2 Daemon Server] - 2025-07-27T16:54:59.777Z - [WATCHER]: Stopping the watcher for d:\POCs\microfrontend-monorepo (sources)
[NX v20.8.2 Daemon Server] - 2025-07-27T16:54:59.777Z - [WATCHER]: Stopping the watcher for d:\POCs\microfrontend-monorepo (outputs)



More information: d:\POCs\microfrontend-monorepo\.nx\workspace-data\d\daemon.log